<?xml version="1.0" encoding="UTF-8"?>
<testng-results skipped="0" failed="0" ignored="0" total="3" passed="3">
  <reporter-output>
  </reporter-output>
  <suite name="Suite" duration-ms="214151" started-at="2019-09-04T11:22:41Z" finished-at="2019-09-04T11:26:15Z">
    <groups>
    </groups>
    <test name="Parallel_Test@chrome" duration-ms="45993" started-at="2019-09-04T11:22:41Z" finished-at="2019-09-04T11:23:27Z">
      <class name="com.Parallel_testing_in_TestNG.Parallel_Test">
        <test-method status="PASS" signature="beforeTest(java.lang.String)[pri:0, instance:com.Parallel_testing_in_TestNG.Parallel_Test@59f99ea]" name="beforeTest" is-config="true" duration-ms="25474" started-at="2019-09-04T11:22:41Z" finished-at="2019-09-04T11:23:07Z">
          <params>
            <param index="0">
              <value>
                <![CDATA[chrome]]>
              </value>
            </param>
          </params>
          <reporter-output>
          </reporter-output>
        </test-method> <!-- beforeTest -->
        <test-method status="PASS" signature="Test1()[pri:0, instance:com.Parallel_testing_in_TestNG.Parallel_Test@59f99ea]" name="Test1" duration-ms="17577" started-at="2019-09-04T11:23:07Z" finished-at="2019-09-04T11:23:24Z">
          <reporter-output>
          </reporter-output>
        </test-method> <!-- Test1 -->
        <test-method status="PASS" signature="afterTest()[pri:0, instance:com.Parallel_testing_in_TestNG.Parallel_Test@59f99ea]" name="afterTest" is-config="true" duration-ms="2898" started-at="2019-09-04T11:23:24Z" finished-at="2019-09-04T11:23:27Z">
          <reporter-output>
          </reporter-output>
        </test-method> <!-- afterTest -->
      </class> <!-- com.Parallel_testing_in_TestNG.Parallel_Test -->
    </test> <!-- Parallel_Test@chrome -->
    <test name="Parallel_Test@firefox" duration-ms="30407" started-at="2019-09-04T11:23:27Z" finished-at="2019-09-04T11:23:58Z">
      <class name="com.Parallel_testing_in_TestNG.Parallel_Test">
        <test-method status="PASS" signature="beforeTest(java.lang.String)[pri:0, instance:com.Parallel_testing_in_TestNG.Parallel_Test@f6c48ac]" name="beforeTest" is-config="true" duration-ms="14548" started-at="2019-09-04T11:23:27Z" finished-at="2019-09-04T11:23:42Z">
          <params>
            <param index="0">
              <value>
                <![CDATA[firefox]]>
              </value>
            </param>
          </params>
          <reporter-output>
          </reporter-output>
        </test-method> <!-- beforeTest -->
        <test-method status="PASS" signature="Test1()[pri:0, instance:com.Parallel_testing_in_TestNG.Parallel_Test@f6c48ac]" name="Test1" duration-ms="9323" started-at="2019-09-04T11:23:42Z" finished-at="2019-09-04T11:23:51Z">
          <reporter-output>
          </reporter-output>
        </test-method> <!-- Test1 -->
        <test-method status="PASS" signature="afterTest()[pri:0, instance:com.Parallel_testing_in_TestNG.Parallel_Test@f6c48ac]" name="afterTest" is-config="true" duration-ms="6460" started-at="2019-09-04T11:23:51Z" finished-at="2019-09-04T11:23:58Z">
          <reporter-output>
          </reporter-output>
        </test-method> <!-- afterTest -->
      </class> <!-- com.Parallel_testing_in_TestNG.Parallel_Test -->
    </test> <!-- Parallel_Test@firefox -->
    <test name="Parallel_Test@ie" duration-ms="137643" started-at="2019-09-04T11:23:58Z" finished-at="2019-09-04T11:26:15Z">
      <class name="com.Parallel_testing_in_TestNG.Parallel_Test">
        <test-method status="PASS" signature="beforeTest(java.lang.String)[pri:0, instance:com.Parallel_testing_in_TestNG.Parallel_Test@3c0ecd4b]" name="beforeTest" is-config="true" duration-ms="5289" started-at="2019-09-04T11:23:58Z" finished-at="2019-09-04T11:24:03Z">
          <params>
            <param index="0">
              <value>
                <![CDATA[ie]]>
              </value>
            </param>
          </params>
          <reporter-output>
          </reporter-output>
        </test-method> <!-- beforeTest -->
        <test-method status="PASS" signature="Test1()[pri:0, instance:com.Parallel_testing_in_TestNG.Parallel_Test@3c0ecd4b]" name="Test1" duration-ms="132176" started-at="2019-09-04T11:24:03Z" finished-at="2019-09-04T11:26:15Z">
          <reporter-output>
          </reporter-output>
        </test-method> <!-- Test1 -->
        <test-method status="PASS" signature="afterTest()[pri:0, instance:com.Parallel_testing_in_TestNG.Parallel_Test@3c0ecd4b]" name="afterTest" is-config="true" duration-ms="161" started-at="2019-09-04T11:26:15Z" finished-at="2019-09-04T11:26:15Z">
          <reporter-output>
          </reporter-output>
        </test-method> <!-- afterTest -->
      </class> <!-- com.Parallel_testing_in_TestNG.Parallel_Test -->
    </test> <!-- Parallel_Test@ie -->
  </suite> <!-- Suite -->
</testng-results>
